<?xml version="1.0" encoding="UTF-8"?>
<!-- Generated by org.testng.reporters.JUnitReportReporter -->
<testsuite hostname="LAPTOP-5KMFOFH9" failures="0" tests="1" name="com.WebTesting.NavigationCommands" time="12.951" errors="0" timestamp="2025-04-29T13:55:49 IST" skipped="0">
  <testcase classname="com.WebTesting.NavigationCommands" name="Navigation" time="12.951"/>
  <system-out/>
</testsuite> <!-- com.WebTesting.NavigationCommands -->
