<?xml version="1.0" encoding="UTF-8"?>
<!-- Generated by org.testng.reporters.JUnitReportReporter -->
<testsuite hostname="LAPTOP-5KMFOFH9" failures="0" tests="1" name="com.WebTesting.FirstTestngClass" time="3.921" errors="0" timestamp="2025-04-27T14:00:35 IST" skipped="0">
  <testcase classname="com.WebTesting.FirstTestngClass" name="testCase1" time="3.921"/>
  <system-out/>
</testsuite> <!-- com.WebTesting.FirstTestngClass -->
