<?xml version="1.0" encoding="UTF-8"?>
<!-- Generated by org.testng.reporters.JUnitReportReporter -->
<testsuite hostname="LAPTOP-5KMFOFH9" failures="0" tests="1" name="com.Locators.LocatorDemo11_RelativeLocator" time="4.180" errors="0" timestamp="2025-06-03T14:34:07 IST" skipped="0">
  <testcase classname="com.Locators.LocatorDemo11_RelativeLocator" name="testRelativeLocator" time="4.180"/>
  <system-out/>
</testsuite> <!-- com.Locators.LocatorDemo11_RelativeLocator -->
