<?xml version="1.0" encoding="UTF-8"?>
<!-- Generated by org.testng.reporters.JUnitReportReporter -->
<testsuite hostname="LAPTOP-5KMFOFH9" failures="0" tests="1" name="com.WebTesting.TestBrowserCommands" time="6.100" errors="0" timestamp="2025-04-29T13:34:07 IST" skipped="0">
  <testcase classname="com.WebTesting.TestBrowserCommands" name="testBrowsercommands" time="6.100"/>
  <system-out/>
</testsuite> <!-- com.WebTesting.TestBrowserCommands -->
