<?xml version="1.0" encoding="UTF-8"?>
<!-- Generated by org.testng.reporters.JUnitReportReporter -->
<testsuite hostname="LAPTOP-5KMFOFH9" failures="0" tests="1" name="com.ScenarioBased.AmazonFooterList" time="5.528" errors="0" timestamp="2025-06-05T13:13:23 IST" skipped="0">
  <testcase classname="com.ScenarioBased.AmazonFooterList" name="testFooterList" time="5.528"/>
  <system-out/>
</testsuite> <!-- com.ScenarioBased.AmazonFooterList -->
