<?xml version="1.0" encoding="UTF-8"?>
<!-- Generated by org.testng.reporters.JUnitReportReporter -->
<testsuite hostname="LAPTOP-5KMFOFH9" failures="0" tests="1" name="com.dropdownAutomation.AmazonDropdownSelectBased" time="10.647" errors="0" timestamp="2025-06-05T14:11:29 IST" skipped="0">
  <testcase classname="com.dropdownAutomation.AmazonDropdownSelectBased" name="testDropdown" time="10.647"/>
  <system-out/>
</testsuite> <!-- com.dropdownAutomation.AmazonDropdownSelectBased -->
