<?xml version="1.0" encoding="UTF-8"?>
<!-- Generated by org.testng.reporters.JUnitReportReporter -->
<testsuite hostname="LAPTOP-5KMFOFH9" failures="0" tests="1" name="com.ScenarioBased.FreshworksFooterlinks" time="8.710" errors="0" timestamp="2025-06-05T12:57:53 IST" skipped="0">
  <testcase classname="com.ScenarioBased.FreshworksFooterlinks" name="testFooterlinks" time="8.710"/>
  <system-out/>
</testsuite> <!-- com.ScenarioBased.FreshworksFooterlinks -->
