<?xml version="1.0" encoding="UTF-8"?>
<!-- Generated by org.testng.reporters.JUnitReportReporter -->
<testsuite hostname="LAPTOP-5KMFOFH9" failures="0" tests="1" name="com.WebTesting.BrowserCommands" time="4.775" errors="0" timestamp="2025-04-27T14:55:28 IST" skipped="0">
  <testcase classname="com.WebTesting.BrowserCommands" name="testBrowserCommands" time="4.775"/>
  <system-out/>
</testsuite> <!-- com.WebTesting.BrowserCommands -->
