<?xml version="1.0" encoding="UTF-8"?>
<!-- Generated by org.testng.reporters.JUnitReportReporter -->
<testsuite hostname="LAPTOP-5KMFOFH9" failures="0" tests="1" name="com.dropdownAutomation.AmazonDropdownSelectBased" time="5.561" errors="0" timestamp="2025-06-09T12:15:26 IST" skipped="0">
  <testcase classname="com.dropdownAutomation.AmazonDropdownSelectBased" name="testDropdown" time="5.561"/>
  <system-out/>
</testsuite> <!-- com.dropdownAutomation.AmazonDropdownSelectBased -->
