<?xml version="1.0" encoding="UTF-8"?>
<!-- Generated by org.testng.reporters.JUnitReportReporter -->
<testsuite hostname="LAPTOP-5KMFOFH9" failures="0" tests="1" name="com.dropdownAutomation.RedBusBootstrapDropdown" time="5.311" errors="0" timestamp="2025-06-09T13:07:51 IST" skipped="0">
  <testcase classname="com.dropdownAutomation.RedBusBootstrapDropdown" name="testDropdown" time="5.311"/>
  <system-out/>
</testsuite> <!-- com.dropdownAutomation.RedBusBootstrapDropdown -->
