<?xml version="1.0" encoding="UTF-8"?>
<!-- Generated by org.testng.reporters.JUnitReportReporter -->
<testsuite hostname="LAPTOP-5KMFOFH9" failures="0" tests="1" name="com.WebTesting.GoogleTitleValidation" time="2.562" errors="0" timestamp="2025-05-16T14:20:35 IST" skipped="0">
  <testcase classname="com.WebTesting.GoogleTitleValidation" name="testBrowserCommands" time="2.562"/>
  <system-out/>
</testsuite> <!-- com.WebTesting.GoogleTitleValidation -->
