<?xml version="1.0" encoding="UTF-8"?>
<!-- Generated by org.testng.reporters.JUnitReportReporter -->
<testsuite hostname="LAPTOP-5KMFOFH9" failures="0" tests="1" name="com.Locators.LocatorDemo10_XpathAxies" time="4.211" errors="0" timestamp="2025-06-03T14:10:57 IST" skipped="0">
  <testcase classname="com.Locators.LocatorDemo10_XpathAxies" name="testAxies" time="4.211"/>
  <system-out/>
</testsuite> <!-- com.Locators.LocatorDemo10_XpathAxies -->
