<?xml version="1.0" encoding="UTF-8"?>
<!-- Generated by org.testng.reporters.JUnitReportReporter -->
<testsuite hostname="LAPTOP-5KMFOFH9" failures="0" tests="1" name="com.ScenarioBased.AutomateGoogleSearch" time="5.189" errors="0" timestamp="2025-06-03T14:50:11 IST" skipped="0">
  <testcase classname="com.ScenarioBased.AutomateGoogleSearch" name="testGoogleSearchList" time="5.189"/>
  <system-out/>
</testsuite> <!-- com.ScenarioBased.AutomateGoogleSearch -->
