<?xml version="1.0" encoding="UTF-8"?>
<!-- Generated by org.testng.reporters.JUnitReportReporter -->
<testsuite hostname="LAPTOP-5KMFOFH9" failures="0" tests="1" name="com.dropdownAutomation.FacebookDropdownAutomation" time="6.221" errors="0" timestamp="2025-06-09T12:13:54 IST" skipped="0">
  <testcase classname="com.dropdownAutomation.FacebookDropdownAutomation" name="testDropdown" time="6.221"/>
  <system-out/>
</testsuite> <!-- com.dropdownAutomation.FacebookDropdownAutomation -->
